Loading PMIDs...
  190654 PMIDs loaded
Loading abstracts...
  190654 abstracts loaded
Fetching citations...
  188080 rows returned
Building edges...
  645877 edges found
Building CSR...
Extracting sample chains...

---Chain 0---
   [0]: BACKGROUND	The Lifestyle Heart Trial demonstrated that intensive lifestyle changes may lead to regression of coronary at
   [1]: OBJECTIVE	Previous studies have reported lifestyle and risk factor deterioration following completion of a cardiac rehab
   [2]: BACKGROUND	The emergence of HIV as a chronic condition means that people living with HIV are required to take more respo

---Chain 1---
   [0]: BACKGROUND	Lowering the blood cholesterol level may reduce the risk of coronary heart disease .
BACKGROUND	This double-b
   [1]: OBJECTIVE	Previous studies have reported lifestyle and risk factor deterioration following completion of a cardiac rehab
   [2]: BACKGROUND	The emergence of HIV as a chronic condition means that people living with HIV are required to take more respo

---Chain 2---
   [0]: BACKGROUND	Recent clinical trials have shown that modification of plasma lipoprotein concentrations can favorably alter 
   [1]: OBJECTIVE	Previous studies have reported lifestyle and risk factor deterioration following completion of a cardiac rehab
   [2]: BACKGROUND	The emergence of HIV as a chronic condition means that people living with HIV are required to take more respo
Saving...
Done.
